# JRE version: Java(TM) SE Runtime Environment (8.0_25-b17) (build 1.8.0_25-b17)
# Java VM: Java HotSpot(TM) 64-Bit Server VM (25.25-b02 mixed mode bsd-amd64 compressed oops)
Heap:
 PSYoungGen      total 66560K, used 55760K [0x000000076ab00000, 0x000000076f600000, 0x00000007c0000000)
  eden space 62464K, 83% used [0x000000076ab00000,0x000000076dde7870,0x000000076e800000)
  from space 4096K, 88% used [0x000000076f200000,0x000000076f58cab0,0x000000076f600000)
  to   space 4096K, 0% used [0x000000076ee00000,0x000000076ee00000,0x000000076f200000)
 ParOldGen       total 175104K, used 64K [0x00000006c0000000, 0x00000006cab00000, 0x000000076ab00000)
  object space 175104K, 0% used [0x00000006c0000000,0x00000006c0010000,0x00000006cab00000)
 Metaspace       used 12997K, capacity 13450K, committed 13568K, reserved 1060864K
  class space    used 1646K, capacity 1757K, committed 1792K, reserved 1048576K
GC Heap History (10 events):
Event: 61.080 GC heap before
{Heap before GC invocations=2 (full 0):
 PSYoungGen      total 76288K, used 69266K [0x000000076ab00000, 0x0000000770000000, 0x00000007c0000000)
  eden space 65536K, 100% used [0x000000076ab00000,0x000000076eb00000,0x000000076eb00000)
  from space 10752K, 34% used [0x000000076eb00000,0x000000076eea4ad0,0x000000076f580000)
  to   space 10752K, 0% used [0x000000076f580000,0x000000076f580000,0x0000000770000000)
 ParOldGen       total 175104K, used 24K [0x00000006c0000000, 0x00000006cab00000, 0x000000076ab00000)
  object space 175104K, 0% used [0x00000006c0000000,0x00000006c0006000,0x00000006cab00000)
 Metaspace       used 12544K, capacity 13032K, committed 13312K, reserved 1060864K
  class space    used 1637K, capacity 1750K, committed 1792K, reserved 1048576K
Event: 61.086 GC heap after
Heap after GC invocations=2 (full 0):
 PSYoungGen      total 76288K, used 3488K [0x000000076ab00000, 0x0000000770000000, 0x00000007c0000000)
  eden space 65536K, 0% used [0x000000076ab00000,0x000000076ab00000,0x000000076eb00000)
  from space 10752K, 32% used [0x000000076f580000,0x000000076f8e8030,0x0000000770000000)
  to   space 10752K, 0% used [0x000000076eb00000,0x000000076eb00000,0x000000076f580000)
 ParOldGen       total 175104K, used 32K [0x00000006c0000000, 0x00000006cab00000, 0x000000076ab00000)
  object space 175104K, 0% used [0x00000006c0000000,0x00000006c0008000,0x00000006cab00000)
 Metaspace       used 12544K, capacity 13032K, committed 13312K, reserved 1060864K
  class space    used 1637K, capacity 1750K, committed 1792K, reserved 1048576K
}
Event: 99.564 GC heap before
{Heap before GC invocations=3 (full 0):
 PSYoungGen      total 76288K, used 69024K [0x000000076ab00000, 0x0000000770000000, 0x00000007c0000000)
  eden space 65536K, 100% used [0x000000076ab00000,0x000000076eb00000,0x000000076eb00000)
  from space 10752K, 32% used [0x000000076f580000,0x000000076f8e8030,0x0000000770000000)
  to   space 10752K, 0% used [0x000000076eb00000,0x000000076eb00000,0x000000076f580000)
 ParOldGen       total 175104K, used 32K [0x00000006c0000000, 0x00000006cab00000, 0x000000076ab00000)
  object space 175104K, 0% used [0x00000006c0000000,0x00000006c0008000,0x00000006cab00000)
 Metaspace       used 12766K, capacity 13164K, committed 13312K, reserved 1060864K
  class space    used 1638K, capacity 1750K, committed 1792K, reserved 1048576K
Event: 99.569 GC heap after
Heap after GC invocations=3 (full 0):
 PSYoungGen      total 76288K, used 3330K [0x000000076ab00000, 0x0000000770000000, 0x00000007c0000000)
  eden space 65536K, 0% used [0x000000076ab00000,0x000000076ab00000,0x000000076eb00000)
  from space 10752K, 30% used [0x000000076eb00000,0x000000076ee40ac0,0x000000076f580000)
  to   space 10752K, 0% used [0x000000076f580000,0x000000076f580000,0x0000000770000000)
 ParOldGen       total 175104K, used 40K [0x00000006c0000000, 0x00000006cab00000, 0x000000076ab00000)
  object space 175104K, 0% used [0x00000006c0000000,0x00000006c000a000,0x00000006cab00000)
 Metaspace       used 12766K, capacity 13164K, committed 13312K, reserved 1060864K
  class space    used 1638K, capacity 1750K, committed 1792K, reserved 1048576K
}
Event: 139.081 GC heap before
{Heap before GC invocations=4 (full 0):
 PSYoungGen      total 76288K, used 68866K [0x000000076ab00000, 0x0000000770000000, 0x00000007c0000000)
  eden space 65536K, 100% used [0x000000076ab00000,0x000000076eb00000,0x000000076eb00000)
  from space 10752K, 30% used [0x000000076eb00000,0x000000076ee40ac0,0x000000076f580000)
  to   space 10752K, 0% used [0x000000076f580000,0x000000076f580000,0x0000000770000000)
 ParOldGen       total 175104K, used 40K [0x00000006c0000000, 0x00000006cab00000, 0x000000076ab00000)
  object space 175104K, 0% used [0x00000006c0000000,0x00000006c000a000,0x00000006cab00000)
 Metaspace       used 12924K, capacity 13356K, committed 13568K, reserved 1060864K
  class space    used 1638K, capacity 1750K, committed 1792K, reserved 1048576K
Event: 139.087 GC heap after
Heap after GC invocations=4 (full 0):
 PSYoungGen      total 76288K, used 3376K [0x000000076ab00000, 0x0000000770000000, 0x00000007c0000000)
  eden space 65536K, 0% used [0x000000076ab00000,0x000000076ab00000,0x000000076eb00000)
  from space 10752K, 31% used [0x000000076f580000,0x000000076f8cc040,0x0000000770000000)
  to   space 10752K, 0% used [0x000000076eb00000,0x000000076eb00000,0x000000076f580000)
 ParOldGen       total 175104K, used 48K [0x00000006c0000000, 0x00000006cab00000, 0x000000076ab00000)
  object space 175104K, 0% used [0x00000006c0000000,0x00000006c000c000,0x00000006cab00000)
 Metaspace       used 12924K, capacity 13356K, committed 13568K, reserved 1060864K
  class space    used 1638K, capacity 1750K, committed 1792K, reserved 1048576K
}
Event: 179.330 GC heap before
{Heap before GC invocations=5 (full 0):
 PSYoungGen      total 76288K, used 68912K [0x000000076ab00000, 0x0000000770000000, 0x00000007c0000000)
  eden space 65536K, 100% used [0x000000076ab00000,0x000000076eb00000,0x000000076eb00000)
  from space 10752K, 31% used [0x000000076f580000,0x000000076f8cc040,0x0000000770000000)
  to   space 10752K, 0% used [0x000000076eb00000,0x000000076eb00000,0x000000076f580000)
 ParOldGen       total 175104K, used 48K [0x00000006c0000000, 0x00000006cab00000, 0x000000076ab00000)
  object space 175104K, 0% used [0x00000006c0000000,0x00000006c000c000,0x00000006cab00000)
 Metaspace       used 12955K, capacity 13420K, committed 13568K, reserved 1060864K
  class space    used 1638K, capacity 1750K, committed 1792K, reserved 1048576K
Event: 179.334 GC heap after
Heap after GC invocations=5 (full 0):
 PSYoungGen      total 67584K, used 3330K [0x000000076ab00000, 0x000000076f600000, 0x00000007c0000000)
  eden space 64000K, 0% used [0x000000076ab00000,0x000000076ab00000,0x000000076e980000)
  from space 3584K, 92% used [0x000000076eb00000,0x000000076ee40ac0,0x000000076ee80000)
  to   space 4096K, 0% used [0x000000076f200000,0x000000076f200000,0x000000076f600000)
 ParOldGen       total 175104K, used 56K [0x00000006c0000000, 0x00000006cab00000, 0x000000076ab00000)
  object space 175104K, 0% used [0x00000006c0000000,0x00000006c000e000,0x00000006cab00000)
 Metaspace       used 12955K, capacity 13420K, committed 13568K, reserved 1060864K
  class space    used 1638K, capacity 1750K, committed 1792K, reserved 1048576K
}
Event: 218.831 GC heap before
{Heap before GC invocations=6 (full 0):
 PSYoungGen      total 67584K, used 67330K [0x000000076ab00000, 0x000000076f600000, 0x00000007c0000000)
  eden space 64000K, 100% used [0x000000076ab00000,0x000000076e980000,0x000000076e980000)
  from space 3584K, 92% used [0x000000076eb00000,0x000000076ee40ac0,0x000000076ee80000)
  to   space 4096K, 0% used [0x000000076f200000,0x000000076f200000,0x000000076f600000)
 ParOldGen       total 175104K, used 56K [0x00000006c0000000, 0x00000006cab00000, 0x000000076ab00000)
  object space 175104K, 0% used [0x00000006c0000000,0x00000006c000e000,0x00000006cab00000)
 Metaspace       used 12958K, capacity 13420K, committed 13568K, reserved 1060864K
  class space    used 1639K, capacity 1750K, committed 1792K, reserved 1048576K
Event: 218.838 GC heap after
Heap after GC invocations=6 (full 0):
 PSYoungGen      total 66560K, used 3634K [0x000000076ab00000, 0x000000076f600000, 0x00000007c0000000)
  eden space 62464K, 0% used [0x000000076ab00000,0x000000076ab00000,0x000000076e800000)
  from space 4096K, 88% used [0x000000076f200000,0x000000076f58cab0,0x000000076f600000)
  to   space 4096K, 0% used [0x000000076ee00000,0x000000076ee00000,0x000000076f200000)
 ParOldGen       total 175104K, used 64K [0x00000006c0000000, 0x00000006cab00000, 0x000000076ab00000)
  object space 175104K, 0% used [0x00000006c0000000,0x00000006c0010000,0x00000006cab00000)
 Metaspace       used 12958K, capacity 13420K, committed 13568K, reserved 1060864K
  class space    used 1639K, capacity 1750K, committed 1792K, reserved 1048576K
}

